e:\year 3\agp\thomas biggs tutorial 10 exercise 1\debug\vc140.pdb
e:\year 3\agp\thomas biggs tutorial 10 exercise 1\debug\vc140.idb
e:\year 3\agp\thomas biggs tutorial 10 exercise 1\debug\camera.obj
e:\year 3\agp\thomas biggs tutorial 10 exercise 1\debug\objfilemodel.obj
e:\year 3\agp\thomas biggs tutorial 10 exercise 1\debug\text2d.obj
e:\year 3\agp\thomas biggs tutorial 10 exercise 1\debug\main.obj
e:\year 3\agp\thomas biggs tutorial 10 exercise 1\debug\model.obj
e:\year 3\agp\thomas biggs tutorial 10 exercise 1\debug\thomasbiggs tutorial 10 exercise1.ilk
e:\year 3\agp\thomas biggs tutorial 10 exercise 1\debug\thomasbiggs tutorial 10 exercise1.exe
e:\year 3\agp\thomas biggs tutorial 10 exercise 1\debug\thomasbiggs tutorial 10 exercise1.pdb
e:\year 3\agp\thomas biggs tutorial 10 exercise 1\debug\model_shaders.cso
e:\year 3\agp\thomas biggs tutorial 10 exercise 1\debug\shaders.cso
e:\year 3\agp\thomas biggs tutorial 10 exercise 1\debug\text2d_shaders.cso
e:\year 3\agp\thomas biggs tutorial 11 exercise 1\debug\camera.obj
e:\year 3\agp\thomas biggs tutorial 11 exercise 1\debug\main.obj
e:\year 3\agp\thomas biggs tutorial 11 exercise 1\debug\model.obj
e:\year 3\agp\thomas biggs tutorial 11 exercise 1\debug\objfilemodel.obj
e:\year 3\agp\thomas biggs tutorial 11 exercise 1\debug\text2d.obj
e:\year 3\agp\thomas biggs tutorial 11 exercise 1\debug\thomasbiggs tutorial 10 exercise1.ilk
e:\year 3\agp\thomas biggs tutorial 11 exercise 1\debug\vc140.idb
e:\year 3\agp\thomas biggs tutorial 11 exercise 1\debug\thomasbiggs tutorial 10 exercise1.pdb
e:\year 3\agp\thomas biggs tutorial 11 exercise 1\debug\vc140.pdb
e:\year 3\agp\thomas biggs tutorial 11 exercise 1\debug\thomasbiggs tutorial 10 exercise1.exe
e:\year 3\agp\thomas biggs tutorial 11 exercise 1\debug\thomasbi.b638498b.tlog\cl.command.1.tlog
e:\year 3\agp\thomas biggs tutorial 11 exercise 1\debug\thomasbi.b638498b.tlog\cl.read.1.tlog
e:\year 3\agp\thomas biggs tutorial 11 exercise 1\debug\thomasbi.b638498b.tlog\cl.write.1.tlog
e:\year 3\agp\thomas biggs tutorial 11 exercise 1\debug\thomasbi.b638498b.tlog\fxc.command.1.tlog
e:\year 3\agp\thomas biggs tutorial 11 exercise 1\debug\thomasbi.b638498b.tlog\fxc.read.1.tlog
e:\year 3\agp\thomas biggs tutorial 11 exercise 1\debug\thomasbi.b638498b.tlog\fxc.write.1.tlog
e:\year 3\agp\thomas biggs tutorial 11 exercise 1\debug\thomasbi.b638498b.tlog\link.command.1.tlog
e:\year 3\agp\thomas biggs tutorial 11 exercise 1\debug\thomasbi.b638498b.tlog\link.read.1.tlog
e:\year 3\agp\thomas biggs tutorial 11 exercise 1\debug\thomasbi.b638498b.tlog\link.write.1.tlog
e:\year 3\agp\thomas biggs tutorial 11 exercise 1\debug\thomasbi.b638498b.tlog\thomasbiggs tutorial 10 exercise1.write.1u.tlog
