  main.cpp
i:\year 3\agp\directx\include\dxgitype.h(12): warning C4005: 'DXGI_STATUS_OCCLUDED': macro redefinition
  C:\Program Files (x86)\Windows Kits\8.1\Include\shared\winerror.h(50092): note: see previous definition of 'DXGI_STATUS_OCCLUDED'
i:\year 3\agp\directx\include\dxgitype.h(13): warning C4005: 'DXGI_STATUS_CLIPPED': macro redefinition
  C:\Program Files (x86)\Windows Kits\8.1\Include\shared\winerror.h(50101): note: see previous definition of 'DXGI_STATUS_CLIPPED'
i:\year 3\agp\directx\include\dxgitype.h(14): warning C4005: 'DXGI_STATUS_NO_REDIRECTION': macro redefinition
  C:\Program Files (x86)\Windows Kits\8.1\Include\shared\winerror.h(50110): note: see previous definition of 'DXGI_STATUS_NO_REDIRECTION'
i:\year 3\agp\directx\include\dxgitype.h(15): warning C4005: 'DXGI_STATUS_NO_DESKTOP_ACCESS': macro redefinition
  C:\Program Files (x86)\Windows Kits\8.1\Include\shared\winerror.h(50119): note: see previous definition of 'DXGI_STATUS_NO_DESKTOP_ACCESS'
i:\year 3\agp\directx\include\dxgitype.h(16): warning C4005: 'DXGI_STATUS_GRAPHICS_VIDPN_SOURCE_IN_USE': macro redefinition
  C:\Program Files (x86)\Windows Kits\8.1\Include\shared\winerror.h(50128): note: see previous definition of 'DXGI_STATUS_GRAPHICS_VIDPN_SOURCE_IN_USE'
i:\year 3\agp\directx\include\dxgitype.h(17): warning C4005: 'DXGI_STATUS_MODE_CHANGED': macro redefinition
  C:\Program Files (x86)\Windows Kits\8.1\Include\shared\winerror.h(50137): note: see previous definition of 'DXGI_STATUS_MODE_CHANGED'
i:\year 3\agp\directx\include\dxgitype.h(18): warning C4005: 'DXGI_STATUS_MODE_CHANGE_IN_PROGRESS': macro redefinition
  C:\Program Files (x86)\Windows Kits\8.1\Include\shared\winerror.h(50146): note: see previous definition of 'DXGI_STATUS_MODE_CHANGE_IN_PROGRESS'
i:\year 3\agp\directx\include\dxgitype.h(21): warning C4005: 'DXGI_ERROR_INVALID_CALL': macro redefinition
  C:\Program Files (x86)\Windows Kits\8.1\Include\shared\winerror.h(50161): note: see previous definition of 'DXGI_ERROR_INVALID_CALL'
i:\year 3\agp\directx\include\dxgitype.h(22): warning C4005: 'DXGI_ERROR_NOT_FOUND': macro redefinition
  C:\Program Files (x86)\Windows Kits\8.1\Include\shared\winerror.h(50170): note: see previous definition of 'DXGI_ERROR_NOT_FOUND'
i:\year 3\agp\directx\include\dxgitype.h(23): warning C4005: 'DXGI_ERROR_MORE_DATA': macro redefinition
  C:\Program Files (x86)\Windows Kits\8.1\Include\shared\winerror.h(50179): note: see previous definition of 'DXGI_ERROR_MORE_DATA'
i:\year 3\agp\directx\include\dxgitype.h(24): warning C4005: 'DXGI_ERROR_UNSUPPORTED': macro redefinition
  C:\Program Files (x86)\Windows Kits\8.1\Include\shared\winerror.h(50188): note: see previous definition of 'DXGI_ERROR_UNSUPPORTED'
i:\year 3\agp\directx\include\dxgitype.h(25): warning C4005: 'DXGI_ERROR_DEVICE_REMOVED': macro redefinition
  C:\Program Files (x86)\Windows Kits\8.1\Include\shared\winerror.h(50197): note: see previous definition of 'DXGI_ERROR_DEVICE_REMOVED'
i:\year 3\agp\directx\include\dxgitype.h(26): warning C4005: 'DXGI_ERROR_DEVICE_HUNG': macro redefinition
  C:\Program Files (x86)\Windows Kits\8.1\Include\shared\winerror.h(50206): note: see previous definition of 'DXGI_ERROR_DEVICE_HUNG'
i:\year 3\agp\directx\include\dxgitype.h(27): warning C4005: 'DXGI_ERROR_DEVICE_RESET': macro redefinition
  C:\Program Files (x86)\Windows Kits\8.1\Include\shared\winerror.h(50216): note: see previous definition of 'DXGI_ERROR_DEVICE_RESET'
i:\year 3\agp\directx\include\dxgitype.h(28): warning C4005: 'DXGI_ERROR_WAS_STILL_DRAWING': macro redefinition
  C:\Program Files (x86)\Windows Kits\8.1\Include\shared\winerror.h(50225): note: see previous definition of 'DXGI_ERROR_WAS_STILL_DRAWING'
i:\year 3\agp\directx\include\dxgitype.h(29): warning C4005: 'DXGI_ERROR_FRAME_STATISTICS_DISJOINT': macro redefinition
  C:\Program Files (x86)\Windows Kits\8.1\Include\shared\winerror.h(50235): note: see previous definition of 'DXGI_ERROR_FRAME_STATISTICS_DISJOINT'
i:\year 3\agp\directx\include\dxgitype.h(30): warning C4005: 'DXGI_ERROR_GRAPHICS_VIDPN_SOURCE_IN_USE': macro redefinition
  C:\Program Files (x86)\Windows Kits\8.1\Include\shared\winerror.h(50244): note: see previous definition of 'DXGI_ERROR_GRAPHICS_VIDPN_SOURCE_IN_USE'
i:\year 3\agp\directx\include\dxgitype.h(31): warning C4005: 'DXGI_ERROR_DRIVER_INTERNAL_ERROR': macro redefinition
  C:\Program Files (x86)\Windows Kits\8.1\Include\shared\winerror.h(50254): note: see previous definition of 'DXGI_ERROR_DRIVER_INTERNAL_ERROR'
i:\year 3\agp\directx\include\dxgitype.h(32): warning C4005: 'DXGI_ERROR_NONEXCLUSIVE': macro redefinition
  C:\Program Files (x86)\Windows Kits\8.1\Include\shared\winerror.h(50263): note: see previous definition of 'DXGI_ERROR_NONEXCLUSIVE'
i:\year 3\agp\directx\include\dxgitype.h(33): warning C4005: 'DXGI_ERROR_NOT_CURRENTLY_AVAILABLE': macro redefinition
  C:\Program Files (x86)\Windows Kits\8.1\Include\shared\winerror.h(50272): note: see previous definition of 'DXGI_ERROR_NOT_CURRENTLY_AVAILABLE'
i:\year 3\agp\directx\include\dxgitype.h(34): warning C4005: 'DXGI_ERROR_REMOTE_CLIENT_DISCONNECTED': macro redefinition
  C:\Program Files (x86)\Windows Kits\8.1\Include\shared\winerror.h(50282): note: see previous definition of 'DXGI_ERROR_REMOTE_CLIENT_DISCONNECTED'
i:\year 3\agp\directx\include\dxgitype.h(35): warning C4005: 'DXGI_ERROR_REMOTE_OUTOFMEMORY': macro redefinition
  C:\Program Files (x86)\Windows Kits\8.1\Include\shared\winerror.h(50291): note: see previous definition of 'DXGI_ERROR_REMOTE_OUTOFMEMORY'
I:\year 3\AGP\DirectX\Include\d3d11.h(917): warning C4005: 'D3D11_ERROR_TOO_MANY_UNIQUE_STATE_OBJECTS': macro redefinition
  C:\Program Files (x86)\Windows Kits\8.1\Include\shared\winerror.h(50469): note: see previous definition of 'D3D11_ERROR_TOO_MANY_UNIQUE_STATE_OBJECTS'
I:\year 3\AGP\DirectX\Include\d3d11.h(918): warning C4005: 'D3D11_ERROR_FILE_NOT_FOUND': macro redefinition
  C:\Program Files (x86)\Windows Kits\8.1\Include\shared\winerror.h(50478): note: see previous definition of 'D3D11_ERROR_FILE_NOT_FOUND'
I:\year 3\AGP\DirectX\Include\d3d11.h(919): warning C4005: 'D3D11_ERROR_TOO_MANY_UNIQUE_VIEW_OBJECTS': macro redefinition
  C:\Program Files (x86)\Windows Kits\8.1\Include\shared\winerror.h(50488): note: see previous definition of 'D3D11_ERROR_TOO_MANY_UNIQUE_VIEW_OBJECTS'
I:\year 3\AGP\DirectX\Include\d3d11.h(920): warning C4005: 'D3D11_ERROR_DEFERRED_CONTEXT_MAP_WITHOUT_INITIAL_DISCARD': macro redefinition
  C:\Program Files (x86)\Windows Kits\8.1\Include\shared\winerror.h(50497): note: see previous definition of 'D3D11_ERROR_DEFERRED_CONTEXT_MAP_WITHOUT_INITIAL_DISCARD'
i:\year 3\agp\directx\include\d3d10.h(608): warning C4005: 'D3D10_ERROR_TOO_MANY_UNIQUE_STATE_OBJECTS': macro redefinition
  C:\Program Files (x86)\Windows Kits\8.1\Include\shared\winerror.h(50445): note: see previous definition of 'D3D10_ERROR_TOO_MANY_UNIQUE_STATE_OBJECTS'
i:\year 3\agp\directx\include\d3d10.h(609): warning C4005: 'D3D10_ERROR_FILE_NOT_FOUND': macro redefinition
  C:\Program Files (x86)\Windows Kits\8.1\Include\shared\winerror.h(50454): note: see previous definition of 'D3D10_ERROR_FILE_NOT_FOUND'
I:\year 3\AGP\DirectX\Include\xnamath.h(2662): warning C4838: conversion from 'unsigned int' to 'INT' requires a narrowing conversion
I:\year 3\AGP\DirectX\Include\xnamath.h(2663): warning C4838: conversion from 'unsigned int' to 'INT' requires a narrowing conversion
I:\year 3\AGP\DirectX\Include\xnamath.h(2664): warning C4838: conversion from 'unsigned int' to 'INT' requires a narrowing conversion
I:\year 3\AGP\DirectX\Include\xnamath.h(2665): warning C4838: conversion from 'unsigned int' to 'INT' requires a narrowing conversion
I:\year 3\AGP\DirectX\Include\xnamath.h(2666): warning C4838: conversion from 'unsigned int' to 'INT' requires a narrowing conversion
I:\year 3\AGP\DirectX\Include\xnamath.h(2667): warning C4838: conversion from 'unsigned int' to 'INT' requires a narrowing conversion
I:\year 3\AGP\DirectX\Include\xnamath.h(2668): warning C4838: conversion from 'unsigned int' to 'INT' requires a narrowing conversion
I:\year 3\AGP\DirectX\Include\xnamath.h(2689): warning C4838: conversion from 'unsigned int' to 'INT' requires a narrowing conversion
I:\year 3\AGP\DirectX\Include\xnamath.h(2690): warning C4838: conversion from 'unsigned int' to 'INT' requires a narrowing conversion
I:\year 3\AGP\DirectX\Include\xnamath.h(2691): warning C4838: conversion from 'unsigned int' to 'INT' requires a narrowing conversion
I:\year 3\AGP\DirectX\Include\xnamath.h(2694): warning C4838: conversion from 'unsigned int' to 'INT' requires a narrowing conversion
I:\year 3\AGP\DirectX\Include\xnamath.h(2695): warning C4838: conversion from 'unsigned int' to 'INT' requires a narrowing conversion
I:\year 3\AGP\DirectX\Include\xnamath.h(2698): warning C4838: conversion from 'unsigned int' to 'INT' requires a narrowing conversion
I:\year 3\AGP\DirectX\Include\xnamath.h(2702): warning C4838: conversion from 'unsigned int' to 'INT' requires a narrowing conversion
I:\year 3\AGP\DirectX\Include\xnamath.h(2712): warning C4838: conversion from 'unsigned int' to 'INT' requires a narrowing conversion
I:\year 3\AGP\DirectX\Include\xnamath.h(2713): warning C4838: conversion from 'unsigned int' to 'INT' requires a narrowing conversion
I:\year 3\AGP\DirectX\Include\xnamath.h(2715): warning C4838: conversion from 'unsigned int' to 'INT' requires a narrowing conversion
I:\year 3\AGP\DirectX\Include\xnamath.h(2716): warning C4838: conversion from 'unsigned int' to 'INT' requires a narrowing conversion
I:\year 3\AGP\DirectX\Include\xnamath.h(2717): warning C4838: conversion from 'unsigned int' to 'INT' requires a narrowing conversion
I:\year 3\AGP\DirectX\Include\xnamath.h(2727): warning C4838: conversion from 'unsigned int' to 'INT' requires a narrowing conversion
I:\year 3\AGP\DirectX\Include\xnamath.h(2728): warning C4838: conversion from 'unsigned int' to 'INT' requires a narrowing conversion
I:\year 3\AGP\DirectX\Include\xnamath.h(2729): warning C4838: conversion from 'unsigned int' to 'INT' requires a narrowing conversion
I:\year 3\AGP\DirectX\Include\xnamath.h(2730): warning C4838: conversion from 'unsigned int' to 'INT' requires a narrowing conversion
I:\year 3\AGP\DirectX\Include\xnamath.h(2731): warning C4838: conversion from 'unsigned int' to 'INT' requires a narrowing conversion
I:\year 3\AGP\DirectX\Include\xnamath.h(2732): warning C4838: conversion from 'unsigned int' to 'INT' requires a narrowing conversion
I:\year 3\AGP\DirectX\Include\xnamath.h(2742): warning C4838: conversion from 'unsigned int' to 'INT' requires a narrowing conversion
I:\year 3\AGP\DirectX\Include\xnamath.h(2743): warning C4838: conversion from 'unsigned int' to 'INT' requires a narrowing conversion
I:\year 3\AGP\DirectX\Include\xnamath.h(2754): warning C4838: conversion from 'unsigned int' to 'INT' requires a narrowing conversion
i:\year 3\agp\thomas biggs tutorial 12 exercise 2\Camera.h(5): warning C4005: '_XM_NO_INTRINSICS_': macro redefinition
  i:\year 3\agp\thomas biggs tutorial 12 exercise 2\Camera.h(5): note: command-line arguments:  see previous definition of '_XM_NO_INTRINSICS_'
i:\year 3\agp\thomas biggs tutorial 12 exercise 2\Camera.h(6): warning C4005: 'XM_NO_ALIGNMENT': macro redefinition
  i:\year 3\agp\thomas biggs tutorial 12 exercise 2\Camera.h(6): note: command-line arguments:  see previous definition of 'XM_NO_ALIGNMENT'
main.cpp(197): warning C4305: '-=': truncation from 'double' to 'float'
main.cpp(199): warning C4305: '+=': truncation from 'double' to 'float'
main.cpp(201): warning C4305: 'argument': truncation from 'double' to 'float'
main.cpp(203): warning C4305: 'argument': truncation from 'double' to 'float'
main.cpp(315): warning C4244: '=': conversion from 'UINT' to 'FLOAT', possible loss of data
main.cpp(316): warning C4244: '=': conversion from 'UINT' to 'FLOAT', possible loss of data
main.cpp(594): warning C4305: 'argument': truncation from 'double' to 'float'
main.cpp(596): warning C4305: '+=': truncation from 'double' to 'float'
main.cpp(600): warning C4305: 'argument': truncation from 'double' to 'FLOAT'
main.cpp(606): warning C4305: 'argument': truncation from 'double' to 'FLOAT'
main.cpp(624): warning C4305: 'argument': truncation from 'double' to 'FLOAT'
main.cpp(628): warning C4305: 'argument': truncation from 'double' to 'FLOAT'
main.cpp(630): warning C4305: 'argument': truncation from 'double' to 'FLOAT'
main.cpp(654): warning C4305: 'argument': truncation from 'double' to 'float'
main.cpp(655): warning C4305: 'argument': truncation from 'double' to 'float'
main.cpp(656): warning C4305: 'argument': truncation from 'double' to 'float'
main.cpp(663): warning C4305: 'argument': truncation from 'double' to 'float'
  ThomasBiggs Tutorial 12 Exercise2.vcxproj -> I:\year 3\AGP\Thomas Biggs Tutorial 12 Exercise 2\Debug\ThomasBiggs Tutorial 12 Exercise2.exe
  ThomasBiggs Tutorial 12 Exercise2.vcxproj -> I:\year 3\AGP\Thomas Biggs Tutorial 12 Exercise 2\Debug\ThomasBiggs Tutorial 12 Exercise2.pdb (Full PDB)
