i:\year 3\agp\thomas biggs tutorial 12 exercise 1\debug\vc140.pdb
i:\year 3\agp\thomas biggs tutorial 12 exercise 1\debug\vc140.idb
i:\year 3\agp\thomas biggs tutorial 12 exercise 1\debug\camera.obj
i:\year 3\agp\thomas biggs tutorial 12 exercise 1\debug\main.obj
i:\year 3\agp\thomas biggs tutorial 12 exercise 1\debug\model.obj
i:\year 3\agp\thomas biggs tutorial 12 exercise 1\debug\objfilemodel.obj
i:\year 3\agp\thomas biggs tutorial 12 exercise 1\debug\text2d.obj
i:\year 3\agp\thomas biggs tutorial 12 exercise 1\debug\thomasbiggs tutorial 12 exercise1.ilk
i:\year 3\agp\thomas biggs tutorial 12 exercise 1\debug\thomasbiggs tutorial 12 exercise1.exe
i:\year 3\agp\thomas biggs tutorial 12 exercise 1\debug\thomasbiggs tutorial 12 exercise1.pdb
i:\year 3\agp\thomas biggs tutorial 12 exercise 1\debug\model_shaders.cso
i:\year 3\agp\thomas biggs tutorial 12 exercise 1\debug\shaders.cso
i:\year 3\agp\thomas biggs tutorial 12 exercise 1\debug\text2d_shaders.cso
i:\year 3\agp\thomas biggs tutorial 12 exercise 2\debug\camera.obj
i:\year 3\agp\thomas biggs tutorial 12 exercise 2\debug\main.obj
i:\year 3\agp\thomas biggs tutorial 12 exercise 2\debug\model.obj
i:\year 3\agp\thomas biggs tutorial 12 exercise 2\debug\objfilemodel.obj
i:\year 3\agp\thomas biggs tutorial 12 exercise 2\debug\text2d.obj
i:\year 3\agp\thomas biggs tutorial 12 exercise 2\debug\thomasbiggs tutorial 12 exercise1.ilk
i:\year 3\agp\thomas biggs tutorial 12 exercise 2\debug\vc140.idb
i:\year 3\agp\thomas biggs tutorial 12 exercise 2\debug\thomasbiggs tutorial 12 exercise1.pdb
i:\year 3\agp\thomas biggs tutorial 12 exercise 2\debug\vc140.pdb
i:\year 3\agp\thomas biggs tutorial 12 exercise 2\debug\thomasbiggs tutorial 12 exercise1.exe
i:\year 3\agp\thomas biggs tutorial 12 exercise 2\debug\thomasbi.b638498b.tlog\cl.command.1.tlog
i:\year 3\agp\thomas biggs tutorial 12 exercise 2\debug\thomasbi.b638498b.tlog\cl.read.1.tlog
i:\year 3\agp\thomas biggs tutorial 12 exercise 2\debug\thomasbi.b638498b.tlog\cl.write.1.tlog
i:\year 3\agp\thomas biggs tutorial 12 exercise 2\debug\thomasbi.b638498b.tlog\link.command.1.tlog
i:\year 3\agp\thomas biggs tutorial 12 exercise 2\debug\thomasbi.b638498b.tlog\link.read.1.tlog
i:\year 3\agp\thomas biggs tutorial 12 exercise 2\debug\thomasbi.b638498b.tlog\link.write.1.tlog
i:\year 3\agp\thomas biggs tutorial 12 exercise 2\debug\thomasbi.b638498b.tlog\thomasbiggs tutorial 12 exercise1.write.1u.tlog
