e:\year 3\agp\thomas biggs tutorial 4 exercise 2\debug\vc140.pdb
e:\year 3\agp\thomas biggs tutorial 4 exercise 2\debug\vc140.idb
e:\year 3\agp\thomas biggs tutorial 4 exercise 2\debug\main.obj
e:\year 3\agp\thomas biggs tutorial 4 exercise 2\debug\thomasbiggs tutorial 4 exercise2.ilk
e:\year 3\agp\thomas biggs tutorial 4 exercise 2\debug\thomasbiggs tutorial 4 exercise2.exe
e:\year 3\agp\thomas biggs tutorial 4 exercise 2\debug\thomasbiggs tutorial 4 exercise2.pdb
e:\year 3\agp\thomas biggs tutorial 4 exercise 2\debug\shaders.cso
e:\year 3\agp\thomas biggs tutorial 5 exercise 1\debug\main.obj
e:\year 3\agp\thomas biggs tutorial 5 exercise 1\debug\thomasbiggs tutorial 4 exercise2.ilk
e:\year 3\agp\thomas biggs tutorial 5 exercise 1\debug\vc140.idb
e:\year 3\agp\thomas biggs tutorial 5 exercise 1\debug\thomasbiggs tutorial 4 exercise2.pdb
e:\year 3\agp\thomas biggs tutorial 5 exercise 1\debug\vc140.pdb
e:\year 3\agp\thomas biggs tutorial 5 exercise 1\debug\thomasbiggs tutorial 4 exercise2.exe
e:\year 3\agp\thomas biggs tutorial 5 exercise 1\debug\thomasbi.b638498b.tlog\cl.command.1.tlog
e:\year 3\agp\thomas biggs tutorial 5 exercise 1\debug\thomasbi.b638498b.tlog\cl.read.1.tlog
e:\year 3\agp\thomas biggs tutorial 5 exercise 1\debug\thomasbi.b638498b.tlog\cl.write.1.tlog
e:\year 3\agp\thomas biggs tutorial 5 exercise 1\debug\thomasbi.b638498b.tlog\link.command.1.tlog
e:\year 3\agp\thomas biggs tutorial 5 exercise 1\debug\thomasbi.b638498b.tlog\link.read.1.tlog
e:\year 3\agp\thomas biggs tutorial 5 exercise 1\debug\thomasbi.b638498b.tlog\link.write.1.tlog
e:\year 3\agp\thomas biggs tutorial 5 exercise 1\debug\thomasbi.b638498b.tlog\thomasbiggs tutorial 4 exercise2.write.1u.tlog
