e:\year 3\agp\thomas biggs tutorial 1 exercise 1\debug\vc140.pdb
e:\year 3\agp\thomas biggs tutorial 1 exercise 1\debug\vc140.idb
e:\year 3\agp\thomas biggs tutorial 1 exercise 1\debug\test.obj
c:\users\0biggt83\desktop\agp\thomas biggs tutorial 1 exercise 1\debug\vc140.pdb
c:\users\0biggt83\desktop\agp\thomas biggs tutorial 1 exercise 1\debug\vc140.idb
c:\users\0biggt83\desktop\agp\thomas biggs tutorial 1 exercise 1\debug\test.obj
e:\year 3\agp\thomas biggs tutorial 1 exercise 1\debug\thomasbiggs guide1 exercise1.ilk
e:\year 3\agp\thomas biggs tutorial 1 exercise 1\debug\thomasbiggs guide1 exercise1.exe
e:\year 3\agp\thomas biggs tutorial 1 exercise 1\debug\thomasbiggs guide1 exercise1.pdb
c:\users\0biggt83\desktop\agp\thomas biggs tutorial 1 exercise 1\debug\thomasbiggs guide1 exercise1.ilk
c:\users\0biggt83\desktop\agp\thomas biggs tutorial 1 exercise 1\debug\thomasbiggs guide1 exercise1.exe
c:\users\0biggt83\desktop\agp\thomas biggs tutorial 1 exercise 1\debug\thomasbiggs guide1 exercise1.pdb
c:\users\0biggt83\desktop\agp\thomas biggs tutorial 1 exercise 2\debug\test.obj
c:\users\0biggt83\desktop\agp\thomas biggs tutorial 1 exercise 2\debug\thomasbiggs guide1 exercise1.ilk
c:\users\0biggt83\desktop\agp\thomas biggs tutorial 1 exercise 2\debug\vc140.idb
c:\users\0biggt83\desktop\agp\thomas biggs tutorial 1 exercise 2\debug\thomasbiggs guide1 exercise1.pdb
c:\users\0biggt83\desktop\agp\thomas biggs tutorial 1 exercise 2\debug\vc140.pdb
c:\users\0biggt83\desktop\agp\thomas biggs tutorial 1 exercise 2\debug\thomasbiggs guide1 exercise1.exe
c:\users\0biggt83\desktop\agp\thomas biggs tutorial 1 exercise 2\debug\thomasbi.b638498b.tlog\cl.command.1.tlog
c:\users\0biggt83\desktop\agp\thomas biggs tutorial 1 exercise 2\debug\thomasbi.b638498b.tlog\cl.read.1.tlog
c:\users\0biggt83\desktop\agp\thomas biggs tutorial 1 exercise 2\debug\thomasbi.b638498b.tlog\cl.write.1.tlog
c:\users\0biggt83\desktop\agp\thomas biggs tutorial 1 exercise 2\debug\thomasbi.b638498b.tlog\link.command.1.tlog
c:\users\0biggt83\desktop\agp\thomas biggs tutorial 1 exercise 2\debug\thomasbi.b638498b.tlog\link.read.1.tlog
c:\users\0biggt83\desktop\agp\thomas biggs tutorial 1 exercise 2\debug\thomasbi.b638498b.tlog\link.write.1.tlog
