e:\year 3\agp\thomas biggs tutorial 6 exercise 1b - step 15\debug\vc140.pdb
e:\year 3\agp\thomas biggs tutorial 6 exercise 1b - step 15\debug\vc140.idb
e:\year 3\agp\thomas biggs tutorial 6 exercise 1b - step 15\debug\main.obj
e:\year 3\agp\thomas biggs tutorial 6 exercise 1b - step 15\debug\thomasbiggs tutorial 6 exercise1b.ilk
e:\year 3\agp\thomas biggs tutorial 6 exercise 1b - step 15\debug\thomasbiggs tutorial 6 exercise1b.exe
e:\year 3\agp\thomas biggs tutorial 6 exercise 1b - step 15\debug\thomasbiggs tutorial 6 exercise1b.pdb
e:\year 3\agp\thomas biggs tutorial 6 exercise 1b - step 15\debug\shaders.cso
e:\year 3\agp\thomas biggs tutorial 6 extra1\debug\main.obj
e:\year 3\agp\thomas biggs tutorial 6 extra1\debug\thomasbiggs tutorial 6 exercise1b.ilk
e:\year 3\agp\thomas biggs tutorial 6 extra1\debug\vc140.idb
e:\year 3\agp\thomas biggs tutorial 6 extra1\debug\thomasbiggs tutorial 6 exercise1b.pdb
e:\year 3\agp\thomas biggs tutorial 6 extra1\debug\vc140.pdb
e:\year 3\agp\thomas biggs tutorial 6 extra1\debug\thomasbiggs tutorial 6 exercise1b.exe
e:\year 3\agp\thomas biggs tutorial 6 extra1\debug\thomasbi.b638498b.tlog\cl.command.1.tlog
e:\year 3\agp\thomas biggs tutorial 6 extra1\debug\thomasbi.b638498b.tlog\cl.read.1.tlog
e:\year 3\agp\thomas biggs tutorial 6 extra1\debug\thomasbi.b638498b.tlog\cl.write.1.tlog
e:\year 3\agp\thomas biggs tutorial 6 extra1\debug\thomasbi.b638498b.tlog\link.command.1.tlog
e:\year 3\agp\thomas biggs tutorial 6 extra1\debug\thomasbi.b638498b.tlog\link.read.1.tlog
e:\year 3\agp\thomas biggs tutorial 6 extra1\debug\thomasbi.b638498b.tlog\link.write.1.tlog
e:\year 3\agp\thomas biggs tutorial 6 extra1\debug\thomasbi.b638498b.tlog\thomasbiggs tutorial 6 exercise1b.write.1u.tlog
